<?xml version="1.0" encoding="UTF-8"?>
<testng-results ignored="0" total="1" passed="1" failed="0" skipped="0">
  <reporter-output>
  </reporter-output>
  <suite started-at="2023-07-19T14:11:27 IST" name="Default suite" finished-at="2023-07-19T14:11:46 IST" duration-ms="18653">
    <groups>
      <group name="cucumber">
        <method signature="AbstractTestNGCucumberTests.runScenario(io.cucumber.testng.PickleWrapper,io.cucumber.testng.FeatureWrapper)[pri:0, instance:stepdefinations.TestRunner_TestNG@223d2c72]" name="runScenario" class="io.cucumber.testng.AbstractTestNGCucumberTests"/>
      </group> <!-- cucumber -->
    </groups>
    <test started-at="2023-07-19T14:11:27 IST" name="Default test" finished-at="2023-07-19T14:11:46 IST" duration-ms="18653">
      <class name="stepdefinations.TestRunner_TestNG">
        <test-method is-config="true" signature="setUpClass()[pri:0, instance:stepdefinations.TestRunner_TestNG@223d2c72]" started-at="2023-07-19T14:11:27 IST" name="setUpClass" finished-at="2023-07-19T14:11:27 IST" duration-ms="164" status="PASS">
          <reporter-output>
          </reporter-output>
        </test-method> <!-- setUpClass -->
        <test-method signature="runScenario(io.cucumber.testng.PickleWrapper,io.cucumber.testng.FeatureWrapper)[pri:0, instance:stepdefinations.TestRunner_TestNG@223d2c72]" started-at="2023-07-19T14:11:27 IST" name="runScenario" description="Runs Cucumber Scenarios" data-provider="scenarios" finished-at="2023-07-19T14:11:45 IST" duration-ms="18460" status="PASS">
          <params>
            <param index="0">
              <value>
                <![CDATA["To atomate the user should successfully be able to login with correct credentials i.e., username and password and should be able to perform the login, also the user must be redirected to the dashboard page and on the top left side of the page search for burger-menu-button their user should see a logout web-element in the hover down box."]]>
              </value>
            </param>
            <param index="1">
              <value>
                <![CDATA["Optional[To Test action performing user login and logout scenario fucntionality.]"]]>
              </value>
            </param>
          </params>
          <reporter-output>
          </reporter-output>
        </test-method> <!-- runScenario -->
        <test-method is-config="true" signature="tearDownClass()[pri:0, instance:stepdefinations.TestRunner_TestNG@223d2c72]" started-at="2023-07-19T14:11:46 IST" name="tearDownClass" finished-at="2023-07-19T14:11:46 IST" duration-ms="7" status="PASS">
          <reporter-output>
          </reporter-output>
        </test-method> <!-- tearDownClass -->
      </class> <!-- stepdefinations.TestRunner_TestNG -->
    </test> <!-- Default test -->
  </suite> <!-- Default suite -->
</testng-results>
